<?xml version="1.0" encoding="UTF-8"?>
<testsuites name="OHRM Login test suite" time="16.877" tests="2" failures="0" errors="0">
   <testsuite name="OHRM Login test suite" tests="2" failures="0" errors="0" time="16.877" skipped="0" timestamp="26-01-2024T16:28:50" hostname="Guset - Unity_0008" id="Test Suites/OHRM Login test suite">
      <properties>
         <property name="deviceName" value=""/>
         <property name="devicePlatform" value=""/>
         <property name="logFolder" value="C:\\Users\\Guset\\git\\cool\\Reports\\20240126_162839\\OHRM Login test suite\\20240126_162844"/>
         <property name="logFiles" value="C:\\Users\\Guset\\git\\cool\\Reports\\20240126_162839\\OHRM Login test suite\\20240126_162844\\execution0.log"/>
         <property name="attachments" value=""/>
         <property name="hostName" value="Guset - Unity_0008"/>
         <property name="os" value="Windows 11 64bit"/>
         <property name="katalonVersion" value="9.2.0.212"/>
         <property name="browser" value="Chrome 120.0.0.0"/>
         <property name="hostAddress" value="192.168.15.177"/>
         <property name="sessionId" value="563eafea06b216b43d61e94677f29291"/>
         <property name="seleniumVersion" value="3.141.59"/>
         <property name="proxyInformation" value="ProxyInformation { proxyOption=NO_PROXY, proxyServerType=HTTP, username=, password=********, proxyServerAddress=, proxyServerPort=0, executionList=&quot;&quot;, isApplyToDesiredCapabilities=true }"/>
         <property name="platform" value="Windows 11"/>
      </properties>
      <testcase name="Test Cases/Orange HRM LOGIN INVALID INPUT" time="8.997" classname="Test Cases/Orange HRM LOGIN INVALID INPUT" status="PASSED">
         <system-out><![CDATA[26-01-2024T16:28:50 - [TEST_CASE][PASSED] - Test Cases/Orange HRM LOGIN INVALID INPUT: Test Cases/Orange HRM LOGIN INVALID INPUT

26-01-2024T16:28:50 - [TEST_STEP][PASSED] - openBrowser(""): Browser is opened with url: ''

26-01-2024T16:28:50 - [MESSAGE][INFO] - Starting 'Chrome' driver

26-01-2024T16:28:50 - [MESSAGE][INFO] - Action delay is set to 0 milliseconds

26-01-2024T16:28:52 - [MESSAGE][PASSED] - Browser is opened with url: ''

26-01-2024T16:28:52 - [TEST_STEP][PASSED] - navigateToUrl("https://opensource-demo.orangehrmlive.com/web/index.php/auth/login"): Navigate to 'https://opensource-demo.orangehrmlive.com/web/index.php/auth/login' successfully

26-01-2024T16:28:57 - [MESSAGE][PASSED] - Navigate to 'https://opensource-demo.orangehrmlive.com/web/index.php/auth/login' successfully

26-01-2024T16:28:57 - [TEST_STEP][PASSED] - click(findTestObject("Object Repository/Orange HRM invalid input/Page_OrangeHRM/input_username")): Object: 'Object Repository/Orange HRM invalid input/Page_OrangeHRM/input_username' is clicked on

26-01-2024T16:28:58 - [MESSAGE][PASSED] - Object: 'Object Repository/Orange HRM invalid input/Page_OrangeHRM/input_username' is clicked on

26-01-2024T16:28:58 - [TEST_STEP][PASSED] - click(findTestObject("Object Repository/Orange HRM invalid input/Page_OrangeHRM/button_Login")): Object: 'Object Repository/Orange HRM invalid input/Page_OrangeHRM/button_Login' is clicked on

26-01-2024T16:28:58 - [MESSAGE][PASSED] - Object: 'Object Repository/Orange HRM invalid input/Page_OrangeHRM/button_Login' is clicked on

26-01-2024T16:28:58 - [TEST_STEP][PASSED] - verifyElementPresent(findTestObject("Orange HRM invalid input/Page_OrangeHRM/span_Required"), 3): Object 'Object Repository/Orange HRM invalid input/Page_OrangeHRM/span_Required' is present

26-01-2024T16:28:58 - [MESSAGE][PASSED] - Object 'Object Repository/Orange HRM invalid input/Page_OrangeHRM/span_Required' is present

26-01-2024T16:28:58 - [TEST_STEP][PASSED] - closeBrowser(): Browser is closed

26-01-2024T16:28:59 - [MESSAGE][PASSED] - Browser is closed]]></system-out>
         <system-err><![CDATA[]]></system-err>
      </testcase>
      <testcase name="Test Cases/Orange HRM login valid input" time="7.654" classname="Test Cases/Orange HRM login valid input" status="PASSED">
         <system-out><![CDATA[26-01-2024T16:28:59 - [TEST_CASE][PASSED] - Test Cases/Orange HRM login valid input: Test Cases/Orange HRM login valid input

26-01-2024T16:28:59 - [TEST_STEP][PASSED] - openBrowser(""): Browser is opened with url: ''

26-01-2024T16:28:59 - [MESSAGE][INFO] - Starting 'Chrome' driver

26-01-2024T16:28:59 - [MESSAGE][INFO] - Action delay is set to 0 milliseconds

26-01-2024T16:29:00 - [MESSAGE][PASSED] - Browser is opened with url: ''

26-01-2024T16:29:00 - [TEST_STEP][PASSED] - navigateToUrl("https://opensource-demo.orangehrmlive.com/web/index.php/auth/login"): Navigate to 'https://opensource-demo.orangehrmlive.com/web/index.php/auth/login' successfully

26-01-2024T16:29:04 - [MESSAGE][PASSED] - Navigate to 'https://opensource-demo.orangehrmlive.com/web/index.php/auth/login' successfully

26-01-2024T16:29:04 - [TEST_STEP][PASSED] - click(findTestObject("Object Repository/Orange HRM login valid input/Page_OrangeHRM/p_Username  Admin")): Object: 'Object Repository/Orange HRM login valid input/Page_OrangeHRM/p_Username  Admin' is clicked on

26-01-2024T16:29:05 - [MESSAGE][PASSED] - Object: 'Object Repository/Orange HRM login valid input/Page_OrangeHRM/p_Username  Admin' is clicked on

26-01-2024T16:29:05 - [TEST_STEP][PASSED] - setText(findTestObject("Object Repository/Orange HRM login valid input/Page_OrangeHRM/input_username"), "Admin"): Text 'Admin' is set on object 'Object Repository/Orange HRM login valid input/Page_OrangeHRM/input_username'

26-01-2024T16:29:05 - [MESSAGE][PASSED] - Text 'Admin' is set on object 'Object Repository/Orange HRM login valid input/Page_OrangeHRM/input_username'

26-01-2024T16:29:05 - [TEST_STEP][PASSED] - setEncryptedText(findTestObject("Object Repository/Orange HRM login valid input/Page_OrangeHRM/input_password"), "hUKwJTbofgPU9eVlw/CnDQ=="): Text ****** has been set on object 'Object Repository/Orange HRM login valid input/Page_OrangeHRM/input_password'

26-01-2024T16:29:06 - [MESSAGE][PASSED] - Text ****** has been set on object 'Object Repository/Orange HRM login valid input/Page_OrangeHRM/input_password'

26-01-2024T16:29:06 - [TEST_STEP][PASSED] - click(findTestObject("Object Repository/Orange HRM login valid input/Page_OrangeHRM/button_Login")): Object: 'Object Repository/Orange HRM login valid input/Page_OrangeHRM/button_Login' is clicked on

26-01-2024T16:29:06 - [MESSAGE][PASSED] - Object: 'Object Repository/Orange HRM login valid input/Page_OrangeHRM/button_Login' is clicked on

26-01-2024T16:29:06 - [TEST_STEP][PASSED] - closeBrowser(): Browser is closed

26-01-2024T16:29:06 - [MESSAGE][PASSED] - Browser is closed]]></system-out>
         <system-err><![CDATA[]]></system-err>
      </testcase>
      <system-out><![CDATA[26-01-2024T16:28:50 - [TEST_SUITE][PASSED] - OHRM Login test suite: Test Cases/Orange HRM login valid input]]></system-out>
      <system-err><![CDATA[]]></system-err>
   </testsuite>
</testsuites>
